<?xml version="1.0" encoding="UTF-8"?>
<!-- Generated by org.testng.reporters.JUnitReportReporter -->
<testsuite hostname="DESKTOP-RAO1B2M" failures="0" tests="1" name="driverFactory.AppTest" time="45.297" errors="0" timestamp="2024-11-27T12:00:22 IST" skipped="0">
  <testcase classname="driverFactory.AppTest" name="kickStart" time="45.297">
    <system-out>
      <![CDATA[Navigated to Fitpeo Home page
Slider value: 820 andTextbox value: 820 are matching
Textbox value: 540 and Slider value: 540 are matching
Total Recurring Reimbursement: 110700 matching the Total Recurring Reimbursement for all Patients Per Month110700]]>
    </system-out>
  </testcase> <!-- kickStart -->
  <system-out>
    <![CDATA[Navigated to Fitpeo Home page
Slider value: 820 andTextbox value: 820 are matching
Textbox value: 540 and Slider value: 540 are matching
Total Recurring Reimbursement: 110700 matching the Total Recurring Reimbursement for all Patients Per Month110700]]>
  </system-out>
</testsuite> <!-- driverFactory.AppTest -->
